<?xml version="1.0" encoding="UTF-8"?>
<testng-results ignored="0" total="11" passed="11" failed="0" skipped="0">
  <reporter-output>
  </reporter-output>
  <suite started-at="2026-03-04T10:05:06 EST" name="Default suite" finished-at="2026-03-04T10:09:03 EST" duration-ms="236144">
    <groups>
      <group name="cucumber">
        <method signature="AbstractTestNGCucumberTests.runScenario(io.cucumber.testng.PickleWrapper,io.cucumber.testng.FeatureWrapper)[pri:0, instance:testRunner.TestRunner@4bff7da0]" name="runScenario" class="io.cucumber.testng.AbstractTestNGCucumberTests"/>
      </group> <!-- cucumber -->
    </groups>
    <test started-at="2026-03-04T10:05:06 EST" name="Default test" finished-at="2026-03-04T10:09:03 EST" duration-ms="236144">
      <class name="testRunner.TestRunner">
        <test-method is-config="true" signature="browserSetup(java.lang.String,org.testng.ITestContext)[pri:0, instance:testRunner.TestRunner@4bff7da0]" started-at="2026-03-04T10:05:06 EST" name="browserSetup" finished-at="2026-03-04T10:05:06 EST" duration-ms="41" status="PASS">
          <params>
            <param index="0">
              <value>
                <![CDATA[chrome]]>
              </value>
            </param>
            <param index="1">
              <value>
                <![CDATA[org.testng.TestRunner@78e50fca]]>
              </value>
            </param>
          </params>
          <reporter-output>
          </reporter-output>
        </test-method> <!-- browserSetup -->
        <test-method is-config="true" signature="setUpClass(org.testng.ITestContext)[pri:0, instance:testRunner.TestRunner@4bff7da0]" started-at="2026-03-04T10:05:06 EST" name="setUpClass" finished-at="2026-03-04T10:05:08 EST" duration-ms="1221" status="PASS">
          <params>
            <param index="0">
              <value>
                <![CDATA[org.testng.TestRunner@78e50fca]]>
              </value>
            </param>
          </params>
          <reporter-output>
          </reporter-output>
        </test-method> <!-- setUpClass -->
        <test-method signature="runScenario(io.cucumber.testng.PickleWrapper,io.cucumber.testng.FeatureWrapper)[pri:0, instance:testRunner.TestRunner@4bff7da0]" started-at="2026-03-04T10:05:08 EST" name="runScenario" description="Runs Cucumber Scenarios" data-provider="scenarios" finished-at="2026-03-04T10:05:27 EST" duration-ms="18992" status="PASS">
          <params>
            <param index="0">
              <value>
                <![CDATA["User navigates to different topic pages in Queue module"]]>
              </value>
            </param>
            <param index="1">
              <value>
                <![CDATA["Validation of Queue module"]]>
              </value>
            </param>
          </params>
          <reporter-output>
          </reporter-output>
        </test-method> <!-- runScenario -->
        <test-method signature="runScenario(io.cucumber.testng.PickleWrapper,io.cucumber.testng.FeatureWrapper)[pri:0, instance:testRunner.TestRunner@4bff7da0]" started-at="2026-03-04T10:05:27 EST" name="runScenario" description="Runs Cucumber Scenarios" data-provider="scenarios" finished-at="2026-03-04T10:05:41 EST" duration-ms="14477" status="PASS">
          <params>
            <param index="0">
              <value>
                <![CDATA["User navigates to different topic pages in Queue module"]]>
              </value>
            </param>
            <param index="1">
              <value>
                <![CDATA["Validation of Queue module"]]>
              </value>
            </param>
          </params>
          <reporter-output>
          </reporter-output>
        </test-method> <!-- runScenario -->
        <test-method signature="runScenario(io.cucumber.testng.PickleWrapper,io.cucumber.testng.FeatureWrapper)[pri:0, instance:testRunner.TestRunner@4bff7da0]" started-at="2026-03-04T10:05:41 EST" name="runScenario" description="Runs Cucumber Scenarios" data-provider="scenarios" finished-at="2026-03-04T10:05:56 EST" duration-ms="14513" status="PASS">
          <params>
            <param index="0">
              <value>
                <![CDATA["User navigates to different topic pages in Queue module"]]>
              </value>
            </param>
            <param index="1">
              <value>
                <![CDATA["Validation of Queue module"]]>
              </value>
            </param>
          </params>
          <reporter-output>
          </reporter-output>
        </test-method> <!-- runScenario -->
        <test-method signature="runScenario(io.cucumber.testng.PickleWrapper,io.cucumber.testng.FeatureWrapper)[pri:0, instance:testRunner.TestRunner@4bff7da0]" started-at="2026-03-04T10:05:56 EST" name="runScenario" description="Runs Cucumber Scenarios" data-provider="scenarios" finished-at="2026-03-04T10:06:10 EST" duration-ms="14501" status="PASS">
          <params>
            <param index="0">
              <value>
                <![CDATA["User navigates to different topic pages in Queue module"]]>
              </value>
            </param>
            <param index="1">
              <value>
                <![CDATA["Validation of Queue module"]]>
              </value>
            </param>
          </params>
          <reporter-output>
          </reporter-output>
        </test-method> <!-- runScenario -->
        <test-method signature="runScenario(io.cucumber.testng.PickleWrapper,io.cucumber.testng.FeatureWrapper)[pri:0, instance:testRunner.TestRunner@4bff7da0]" started-at="2026-03-04T10:06:10 EST" name="runScenario" description="Runs Cucumber Scenarios" data-provider="scenarios" finished-at="2026-03-04T10:06:30 EST" duration-ms="19577" status="PASS">
          <params>
            <param index="0">
              <value>
                <![CDATA["User navigates to TryEditor page for Queue topics"]]>
              </value>
            </param>
            <param index="1">
              <value>
                <![CDATA["Validation of Queue module"]]>
              </value>
            </param>
          </params>
          <reporter-output>
          </reporter-output>
        </test-method> <!-- runScenario -->
        <test-method signature="runScenario(io.cucumber.testng.PickleWrapper,io.cucumber.testng.FeatureWrapper)[pri:0, instance:testRunner.TestRunner@4bff7da0]" started-at="2026-03-04T10:06:30 EST" name="runScenario" description="Runs Cucumber Scenarios" data-provider="scenarios" finished-at="2026-03-04T10:07:24 EST" duration-ms="54586" status="PASS">
          <params>
            <param index="0">
              <value>
                <![CDATA["User navigates to TryEditor page for Queue topics"]]>
              </value>
            </param>
            <param index="1">
              <value>
                <![CDATA["Validation of Queue module"]]>
              </value>
            </param>
          </params>
          <reporter-output>
          </reporter-output>
        </test-method> <!-- runScenario -->
        <test-method signature="runScenario(io.cucumber.testng.PickleWrapper,io.cucumber.testng.FeatureWrapper)[pri:0, instance:testRunner.TestRunner@4bff7da0]" started-at="2026-03-04T10:07:24 EST" name="runScenario" description="Runs Cucumber Scenarios" data-provider="scenarios" finished-at="2026-03-04T10:07:41 EST" duration-ms="16626" status="PASS">
          <params>
            <param index="0">
              <value>
                <![CDATA["User navigates to TryEditor page for Queue topics"]]>
              </value>
            </param>
            <param index="1">
              <value>
                <![CDATA["Validation of Queue module"]]>
              </value>
            </param>
          </params>
          <reporter-output>
          </reporter-output>
        </test-method> <!-- runScenario -->
        <test-method signature="runScenario(io.cucumber.testng.PickleWrapper,io.cucumber.testng.FeatureWrapper)[pri:0, instance:testRunner.TestRunner@4bff7da0]" started-at="2026-03-04T10:07:41 EST" name="runScenario" description="Runs Cucumber Scenarios" data-provider="scenarios" finished-at="2026-03-04T10:07:58 EST" duration-ms="16555" status="PASS">
          <params>
            <param index="0">
              <value>
                <![CDATA["User navigates to TryEditor page for Queue topics"]]>
              </value>
            </param>
            <param index="1">
              <value>
                <![CDATA["Validation of Queue module"]]>
              </value>
            </param>
          </params>
          <reporter-output>
          </reporter-output>
        </test-method> <!-- runScenario -->
        <test-method signature="runScenario(io.cucumber.testng.PickleWrapper,io.cucumber.testng.FeatureWrapper)[pri:0, instance:testRunner.TestRunner@4bff7da0]" started-at="2026-03-04T10:07:58 EST" name="runScenario" description="Runs Cucumber Scenarios" data-provider="scenarios" finished-at="2026-03-04T10:08:22 EST" duration-ms="24875" status="PASS">
          <params>
            <param index="0">
              <value>
                <![CDATA["Verify TryEditor with python code of Queue module"]]>
              </value>
            </param>
            <param index="1">
              <value>
                <![CDATA["Validation of Queue module"]]>
              </value>
            </param>
          </params>
          <reporter-output>
          </reporter-output>
        </test-method> <!-- runScenario -->
        <test-method signature="runScenario(io.cucumber.testng.PickleWrapper,io.cucumber.testng.FeatureWrapper)[pri:0, instance:testRunner.TestRunner@4bff7da0]" started-at="2026-03-04T10:08:23 EST" name="runScenario" description="Runs Cucumber Scenarios" data-provider="scenarios" finished-at="2026-03-04T10:08:46 EST" duration-ms="23648" status="PASS">
          <params>
            <param index="0">
              <value>
                <![CDATA["Verify TryEditor with python code of Queue module"]]>
              </value>
            </param>
            <param index="1">
              <value>
                <![CDATA["Validation of Queue module"]]>
              </value>
            </param>
          </params>
          <reporter-output>
          </reporter-output>
        </test-method> <!-- runScenario -->
        <test-method signature="runScenario(io.cucumber.testng.PickleWrapper,io.cucumber.testng.FeatureWrapper)[pri:0, instance:testRunner.TestRunner@4bff7da0]" started-at="2026-03-04T10:08:46 EST" name="runScenario" description="Runs Cucumber Scenarios" data-provider="scenarios" finished-at="2026-03-04T10:09:01 EST" duration-ms="15133" status="PASS">
          <params>
            <param index="0">
              <value>
                <![CDATA["Verify navigation to Practice Questions page"]]>
              </value>
            </param>
            <param index="1">
              <value>
                <![CDATA["Validation of Queue module"]]>
              </value>
            </param>
          </params>
          <reporter-output>
          </reporter-output>
        </test-method> <!-- runScenario -->
        <test-method is-config="true" signature="tearDownClass()[pri:0, instance:testRunner.TestRunner@4bff7da0]" started-at="2026-03-04T10:09:01 EST" name="tearDownClass" finished-at="2026-03-04T10:09:03 EST" duration-ms="1192" status="PASS">
          <reporter-output>
          </reporter-output>
        </test-method> <!-- tearDownClass -->
      </class> <!-- testRunner.TestRunner -->
    </test> <!-- Default test -->
  </suite> <!-- Default suite -->
</testng-results>
