<?xml version="1.0" encoding="UTF-8"?>
<testng-results ignored="0" total="16" passed="16" failed="0" skipped="0">
  <reporter-output>
  </reporter-output>
  <suite started-at="2026-03-04T23:20:28 CST" name="Default suite" finished-at="2026-03-04T23:21:24 CST" duration-ms="56176">
    <groups>
      <group name="cucumber">
        <method signature="AbstractTestNGCucumberTests.runScenario(io.cucumber.testng.PickleWrapper,io.cucumber.testng.FeatureWrapper)[pri:0, instance:testRunner.TestRunner@7d286fb6]" name="runScenario" class="io.cucumber.testng.AbstractTestNGCucumberTests"/>
      </group> <!-- cucumber -->
    </groups>
    <test started-at="2026-03-04T23:20:28 CST" name="Default test" finished-at="2026-03-04T23:21:24 CST" duration-ms="56176">
      <class name="testRunner.TestRunner">
        <test-method is-config="true" signature="browserSetup(java.lang.String,org.testng.ITestContext)[pri:0, instance:testRunner.TestRunner@7d286fb6]" started-at="2026-03-04T23:20:28 CST" name="browserSetup" finished-at="2026-03-04T23:20:28 CST" duration-ms="17" status="PASS">
          <params>
            <param index="0">
              <value>
                <![CDATA[chrome]]>
              </value>
            </param>
            <param index="1">
              <value>
                <![CDATA[org.testng.TestRunner@63062eea]]>
              </value>
            </param>
          </params>
          <reporter-output>
          </reporter-output>
        </test-method> <!-- browserSetup -->
        <test-method is-config="true" signature="setUpClass(org.testng.ITestContext)[pri:0, instance:testRunner.TestRunner@7d286fb6]" started-at="2026-03-04T23:20:28 CST" name="setUpClass" finished-at="2026-03-04T23:20:29 CST" duration-ms="1294" status="PASS">
          <params>
            <param index="0">
              <value>
                <![CDATA[org.testng.TestRunner@63062eea]]>
              </value>
            </param>
          </params>
          <reporter-output>
          </reporter-output>
        </test-method> <!-- setUpClass -->
        <test-method signature="runScenario(io.cucumber.testng.PickleWrapper,io.cucumber.testng.FeatureWrapper)[pri:0, instance:testRunner.TestRunner@7d286fb6]" started-at="2026-03-04T23:20:29 CST" name="runScenario" description="Runs Cucumber Scenarios" data-provider="scenarios" finished-at="2026-03-04T23:20:32 CST" duration-ms="3635" status="PASS">
          <params>
            <param index="0">
              <value>
                <![CDATA["Verify Register link navigation"]]>
              </value>
            </param>
            <param index="1">
              <value>
                <![CDATA["Verify Topics Covered on DS Portal Home Page"]]>
              </value>
            </param>
          </params>
          <reporter-output>
          </reporter-output>
        </test-method> <!-- runScenario -->
        <test-method signature="runScenario(io.cucumber.testng.PickleWrapper,io.cucumber.testng.FeatureWrapper)[pri:0, instance:testRunner.TestRunner@7d286fb6]" started-at="2026-03-04T23:20:32 CST" name="runScenario" description="Runs Cucumber Scenarios" data-provider="scenarios" finished-at="2026-03-04T23:20:35 CST" duration-ms="2591" status="PASS">
          <params>
            <param index="0">
              <value>
                <![CDATA["Verify navigation for all topics"]]>
              </value>
            </param>
            <param index="1">
              <value>
                <![CDATA["Verify Topics Covered on DS Portal Home Page"]]>
              </value>
            </param>
          </params>
          <reporter-output>
          </reporter-output>
        </test-method> <!-- runScenario -->
        <test-method signature="runScenario(io.cucumber.testng.PickleWrapper,io.cucumber.testng.FeatureWrapper)[pri:0, instance:testRunner.TestRunner@7d286fb6]" started-at="2026-03-04T23:20:35 CST" name="runScenario" description="Runs Cucumber Scenarios" data-provider="scenarios" finished-at="2026-03-04T23:20:38 CST" duration-ms="2590" status="PASS">
          <params>
            <param index="0">
              <value>
                <![CDATA["Verify navigation for all topics"]]>
              </value>
            </param>
            <param index="1">
              <value>
                <![CDATA["Verify Topics Covered on DS Portal Home Page"]]>
              </value>
            </param>
          </params>
          <reporter-output>
          </reporter-output>
        </test-method> <!-- runScenario -->
        <test-method signature="runScenario(io.cucumber.testng.PickleWrapper,io.cucumber.testng.FeatureWrapper)[pri:0, instance:testRunner.TestRunner@7d286fb6]" started-at="2026-03-04T23:20:38 CST" name="runScenario" description="Runs Cucumber Scenarios" data-provider="scenarios" finished-at="2026-03-04T23:20:40 CST" duration-ms="2563" status="PASS">
          <params>
            <param index="0">
              <value>
                <![CDATA["Verify navigation for all topics"]]>
              </value>
            </param>
            <param index="1">
              <value>
                <![CDATA["Verify Topics Covered on DS Portal Home Page"]]>
              </value>
            </param>
          </params>
          <reporter-output>
          </reporter-output>
        </test-method> <!-- runScenario -->
        <test-method signature="runScenario(io.cucumber.testng.PickleWrapper,io.cucumber.testng.FeatureWrapper)[pri:0, instance:testRunner.TestRunner@7d286fb6]" started-at="2026-03-04T23:20:40 CST" name="runScenario" description="Runs Cucumber Scenarios" data-provider="scenarios" finished-at="2026-03-04T23:20:43 CST" duration-ms="2588" status="PASS">
          <params>
            <param index="0">
              <value>
                <![CDATA["Verify navigation for all topics"]]>
              </value>
            </param>
            <param index="1">
              <value>
                <![CDATA["Verify Topics Covered on DS Portal Home Page"]]>
              </value>
            </param>
          </params>
          <reporter-output>
          </reporter-output>
        </test-method> <!-- runScenario -->
        <test-method signature="runScenario(io.cucumber.testng.PickleWrapper,io.cucumber.testng.FeatureWrapper)[pri:0, instance:testRunner.TestRunner@7d286fb6]" started-at="2026-03-04T23:20:43 CST" name="runScenario" description="Runs Cucumber Scenarios" data-provider="scenarios" finished-at="2026-03-04T23:20:45 CST" duration-ms="2599" status="PASS">
          <params>
            <param index="0">
              <value>
                <![CDATA["Verify navigation for all topics"]]>
              </value>
            </param>
            <param index="1">
              <value>
                <![CDATA["Verify Topics Covered on DS Portal Home Page"]]>
              </value>
            </param>
          </params>
          <reporter-output>
          </reporter-output>
        </test-method> <!-- runScenario -->
        <test-method signature="runScenario(io.cucumber.testng.PickleWrapper,io.cucumber.testng.FeatureWrapper)[pri:0, instance:testRunner.TestRunner@7d286fb6]" started-at="2026-03-04T23:20:45 CST" name="runScenario" description="Runs Cucumber Scenarios" data-provider="scenarios" finished-at="2026-03-04T23:20:48 CST" duration-ms="2809" status="PASS">
          <params>
            <param index="0">
              <value>
                <![CDATA["Verify user can navigate to Arrays page"]]>
              </value>
            </param>
            <param index="1">
              <value>
                <![CDATA["Verify Topics Covered on DS Portal Home Page"]]>
              </value>
            </param>
          </params>
          <reporter-output>
          </reporter-output>
        </test-method> <!-- runScenario -->
        <test-method signature="runScenario(io.cucumber.testng.PickleWrapper,io.cucumber.testng.FeatureWrapper)[pri:0, instance:testRunner.TestRunner@7d286fb6]" started-at="2026-03-04T23:20:48 CST" name="runScenario" description="Runs Cucumber Scenarios" data-provider="scenarios" finished-at="2026-03-04T23:20:51 CST" duration-ms="2828" status="PASS">
          <params>
            <param index="0">
              <value>
                <![CDATA["Verify Sign In link navigation"]]>
              </value>
            </param>
            <param index="1">
              <value>
                <![CDATA["Verify Topics Covered on DS Portal Home Page"]]>
              </value>
            </param>
          </params>
          <reporter-output>
          </reporter-output>
        </test-method> <!-- runScenario -->
        <test-method signature="runScenario(io.cucumber.testng.PickleWrapper,io.cucumber.testng.FeatureWrapper)[pri:0, instance:testRunner.TestRunner@7d286fb6]" started-at="2026-03-04T23:20:51 CST" name="runScenario" description="Runs Cucumber Scenarios" data-provider="scenarios" finished-at="2026-03-04T23:20:54 CST" duration-ms="3440" status="PASS">
          <params>
            <param index="0">
              <value>
                <![CDATA["Verify user can login with valid credential"]]>
              </value>
            </param>
            <param index="1">
              <value>
                <![CDATA["Verify Topics Covered on DS Portal Home Page"]]>
              </value>
            </param>
          </params>
          <reporter-output>
          </reporter-output>
        </test-method> <!-- runScenario -->
        <test-method signature="runScenario(io.cucumber.testng.PickleWrapper,io.cucumber.testng.FeatureWrapper)[pri:0, instance:testRunner.TestRunner@7d286fb6]" started-at="2026-03-04T23:20:54 CST" name="runScenario" description="Runs Cucumber Scenarios" data-provider="scenarios" finished-at="2026-03-04T23:20:58 CST" duration-ms="3831" status="PASS">
          <params>
            <param index="0">
              <value>
                <![CDATA["Verify user can login with valid credential"]]>
              </value>
            </param>
            <param index="1">
              <value>
                <![CDATA["Verify Topics Covered on DS Portal Home Page"]]>
              </value>
            </param>
          </params>
          <reporter-output>
          </reporter-output>
        </test-method> <!-- runScenario -->
        <test-method signature="runScenario(io.cucumber.testng.PickleWrapper,io.cucumber.testng.FeatureWrapper)[pri:0, instance:testRunner.TestRunner@7d286fb6]" started-at="2026-03-04T23:20:58 CST" name="runScenario" description="Runs Cucumber Scenarios" data-provider="scenarios" finished-at="2026-03-04T23:21:02 CST" duration-ms="3778" status="PASS">
          <params>
            <param index="0">
              <value>
                <![CDATA["Verify navigation for all topics after login"]]>
              </value>
            </param>
            <param index="1">
              <value>
                <![CDATA["Verify Topics Covered on DS Portal Home Page"]]>
              </value>
            </param>
          </params>
          <reporter-output>
          </reporter-output>
        </test-method> <!-- runScenario -->
        <test-method signature="runScenario(io.cucumber.testng.PickleWrapper,io.cucumber.testng.FeatureWrapper)[pri:0, instance:testRunner.TestRunner@7d286fb6]" started-at="2026-03-04T23:21:02 CST" name="runScenario" description="Runs Cucumber Scenarios" data-provider="scenarios" finished-at="2026-03-04T23:21:06 CST" duration-ms="3826" status="PASS">
          <params>
            <param index="0">
              <value>
                <![CDATA["Verify navigation for all topics after login"]]>
              </value>
            </param>
            <param index="1">
              <value>
                <![CDATA["Verify Topics Covered on DS Portal Home Page"]]>
              </value>
            </param>
          </params>
          <reporter-output>
          </reporter-output>
        </test-method> <!-- runScenario -->
        <test-method signature="runScenario(io.cucumber.testng.PickleWrapper,io.cucumber.testng.FeatureWrapper)[pri:0, instance:testRunner.TestRunner@7d286fb6]" started-at="2026-03-04T23:21:06 CST" name="runScenario" description="Runs Cucumber Scenarios" data-provider="scenarios" finished-at="2026-03-04T23:21:10 CST" duration-ms="3780" status="PASS">
          <params>
            <param index="0">
              <value>
                <![CDATA["Verify navigation for all topics after login"]]>
              </value>
            </param>
            <param index="1">
              <value>
                <![CDATA["Verify Topics Covered on DS Portal Home Page"]]>
              </value>
            </param>
          </params>
          <reporter-output>
          </reporter-output>
        </test-method> <!-- runScenario -->
        <test-method signature="runScenario(io.cucumber.testng.PickleWrapper,io.cucumber.testng.FeatureWrapper)[pri:0, instance:testRunner.TestRunner@7d286fb6]" started-at="2026-03-04T23:21:10 CST" name="runScenario" description="Runs Cucumber Scenarios" data-provider="scenarios" finished-at="2026-03-04T23:21:14 CST" duration-ms="4576" status="PASS">
          <params>
            <param index="0">
              <value>
                <![CDATA["Verify navigation for all topics after login"]]>
              </value>
            </param>
            <param index="1">
              <value>
                <![CDATA["Verify Topics Covered on DS Portal Home Page"]]>
              </value>
            </param>
          </params>
          <reporter-output>
          </reporter-output>
        </test-method> <!-- runScenario -->
        <test-method signature="runScenario(io.cucumber.testng.PickleWrapper,io.cucumber.testng.FeatureWrapper)[pri:0, instance:testRunner.TestRunner@7d286fb6]" started-at="2026-03-04T23:21:14 CST" name="runScenario" description="Runs Cucumber Scenarios" data-provider="scenarios" finished-at="2026-03-04T23:21:18 CST" duration-ms="3918" status="PASS">
          <params>
            <param index="0">
              <value>
                <![CDATA["Verify navigation for all topics after login"]]>
              </value>
            </param>
            <param index="1">
              <value>
                <![CDATA["Verify Topics Covered on DS Portal Home Page"]]>
              </value>
            </param>
          </params>
          <reporter-output>
          </reporter-output>
        </test-method> <!-- runScenario -->
        <test-method signature="runScenario(io.cucumber.testng.PickleWrapper,io.cucumber.testng.FeatureWrapper)[pri:0, instance:testRunner.TestRunner@7d286fb6]" started-at="2026-03-04T23:21:18 CST" name="runScenario" description="Runs Cucumber Scenarios" data-provider="scenarios" finished-at="2026-03-04T23:21:22 CST" duration-ms="3784" status="PASS">
          <params>
            <param index="0">
              <value>
                <![CDATA["Verify navigation for all topics after login"]]>
              </value>
            </param>
            <param index="1">
              <value>
                <![CDATA["Verify Topics Covered on DS Portal Home Page"]]>
              </value>
            </param>
          </params>
          <reporter-output>
          </reporter-output>
        </test-method> <!-- runScenario -->
        <test-method is-config="true" signature="tearDownClass()[pri:0, instance:testRunner.TestRunner@7d286fb6]" started-at="2026-03-04T23:21:22 CST" name="tearDownClass" finished-at="2026-03-04T23:21:24 CST" duration-ms="1681" status="PASS">
          <reporter-output>
          </reporter-output>
        </test-method> <!-- tearDownClass -->
      </class> <!-- testRunner.TestRunner -->
    </test> <!-- Default test -->
  </suite> <!-- Default suite -->
</testng-results>
