<?xml version="1.0" encoding="UTF-8"?>
<!-- Generated by org.testng.reporters.JUnitReportReporter -->
<testsuite hostname="MacBookPro" failures="0" tests="11" name="testRunner.TestRunner" time="233.483" errors="0" timestamp="2026-03-04T10:09:03 EST" skipped="0">
  <testcase classname="testRunner.TestRunner" name="runScenario" time="14.477"/>
  <testcase classname="testRunner.TestRunner" name="runScenario" time="19.577"/>
  <testcase classname="testRunner.TestRunner" name="runScenario" time="16.626"/>
  <testcase classname="testRunner.TestRunner" name="runScenario" time="16.555"/>
  <testcase classname="testRunner.TestRunner" name="runScenario" time="18.992"/>
  <testcase classname="testRunner.TestRunner" name="runScenario" time="54.586"/>
  <testcase classname="testRunner.TestRunner" name="runScenario" time="24.875"/>
  <testcase classname="testRunner.TestRunner" name="runScenario" time="23.648"/>
  <testcase classname="testRunner.TestRunner" name="runScenario" time="14.513"/>
  <testcase classname="testRunner.TestRunner" name="runScenario" time="14.501"/>
  <testcase classname="testRunner.TestRunner" name="runScenario" time="15.133"/>
</testsuite> <!-- testRunner.TestRunner -->
