<?xml version="1.0" encoding="UTF-8"?>
<!-- Generated by org.testng.reporters.JUnitReportReporter -->
<testsuite hostname="MacBookPro" failures="0" tests="9" name="testRunner.TestRunner" time="321.052" errors="0" timestamp="2026-03-05T15:18:56 EST" skipped="0">
  <testcase classname="testRunner.TestRunner" name="runScenario" time="35.060"/>
  <testcase classname="testRunner.TestRunner" name="runScenario" time="37.175"/>
  <testcase classname="testRunner.TestRunner" name="runScenario" time="37.314"/>
  <testcase classname="testRunner.TestRunner" name="runScenario" time="33.119"/>
  <testcase classname="testRunner.TestRunner" name="runScenario" time="35.061"/>
  <testcase classname="testRunner.TestRunner" name="runScenario" time="36.896"/>
  <testcase classname="testRunner.TestRunner" name="runScenario" time="33.116"/>
  <testcase classname="testRunner.TestRunner" name="runScenario" time="35.651"/>
  <testcase classname="testRunner.TestRunner" name="runScenario" time="37.660"/>
</testsuite> <!-- testRunner.TestRunner -->
